<?xml version="1.0" encoding="UTF-8" ?>
<testsuites disabled="0" errors="0" failures="0" tests="4" time="8.513">
 <testsuite name="Protractor : DOM Testing" timestamp="2020-07-17T16:51:36" hostname="localhost" time="8.513" errors="0" tests="4" skipped="0" disabled="0" failures="0">
  <testcase classname="Protractor : DOM Testing" name="Site Title " time="1.131" />
  <testcase classname="Protractor : DOM Testing" name="Should add two numbers" time="7.309" />
  <testcase classname="Protractor : DOM Testing" name="first textbox should contain only postive number" time="0.041" />
  <testcase classname="Protractor : DOM Testing" name="first textbox should not  contain special character" time="0.032" />
 </testsuite>
</testsuites>